<?xml version="1.0" encoding="UTF-8"?>
<!-- Generated by org.testng.reporters.JUnitXMLReporter -->
<testsuite hostname="DESKTOP-IUV45J7" ignored="2" name="TC_088_Verify Creation of a New Leasehold Improvements by passing all Valid Details" tests="4" failures="1" timestamp="19 Aug 2018 15:02:16 GMT" time="64.041" errors="0">
  <testcase name="ExecuteLaunch" time="12.445" classname="ej.finsys.modules.Launch"/>
  <testcase name="ExecuteLogin2" time="15.398" classname="ej.finsys.modules.Login"/>
  <testcase name="Createleadimp" time="26.084" classname="ej.finsys.modules.CreateLeaseHoldImprovement">
    <failure type="org.openqa.selenium.NoSuchElementException" message="Cannot locate element with text: Aahana Technologies(771)
For documentation on this error, please visit: http://seleniumhq.org/exceptions/no_such_element.html
Build info: version: &amp;apos;3.10.0&amp;apos;, revision: &amp;apos;176b4a9&amp;apos;, time: &amp;apos;2018-03-02T19:03:16.397Z&amp;apos;
System info: host: &amp;apos;DESKTOP-IUV45J7&amp;apos;, ip: &amp;apos;192.168.1.3&amp;apos;, os.name: &amp;apos;Windows 10&amp;apos;, os.arch: &amp;apos;amd64&amp;apos;, os.version: &amp;apos;10.0&amp;apos;, java.version: &amp;apos;1.8.0_77&amp;apos;
Driver info: driver.version: unknown">
      <![CDATA[org.openqa.selenium.NoSuchElementException: Cannot locate element with text: Aahana Technologies(771)
For documentation on this error, please visit: http://seleniumhq.org/exceptions/no_such_element.html
Build info: version: '3.10.0', revision: '176b4a9', time: '2018-03-02T19:03:16.397Z'
System info: host: 'DESKTOP-IUV45J7', ip: '192.168.1.3', os.name: 'Windows 10', os.arch: 'amd64', os.version: '10.0', java.version: '1.8.0_77'
Driver info: driver.version: unknown
	at org.openqa.selenium.support.ui.Select.selectByVisibleText(Select.java:151)
	at ej.finsys.pages.LeaseholdImprovement.SelectCompany(LeaseholdImprovement.java:72)
	at ej.finsys.modules.CreateLeaseHoldImprovement.Createleadimp(CreateLeaseHoldImprovement.java:62)
... Removed 25 stack frames]]>
    </failure>
  </testcase> <!-- Createleadimp -->
  <testcase name="closebrowser" time="10.089" classname="ej.finsys.utility.Close_browser"/>
  <testcase name="ExecuteLogin" time="0.0" classname="ej.finsys.modules.Login">
    <ignored/>
  </testcase> <!-- ExecuteLogin -->
  <testcase name="Executeloginwithinvalid" time="0.0" classname="ej.finsys.modules.Login">
    <ignored/>
  </testcase> <!-- Executeloginwithinvalid -->
</testsuite> <!-- TC_088_Verify Creation of a New Leasehold Improvements by passing all Valid Details -->
