<?xml version="1.0" encoding="UTF-8"?>
<testsuite name="TestSuite" time="48.287" tests="9" errors="0" skipped="0" failures="2">
  <properties>
    <property name="java.runtime.name" value="Java(TM) SE Runtime Environment"/>
    <property name="cucumber.options" value="src/test/resources/FeatureCollections/Login.feature"/>
    <property name="sun.boot.library.path" value="C:\Program Files\Java\jdk1.8.0_77\jre\bin"/>
    <property name="java.vm.version" value="25.77-b03"/>
    <property name="java.vm.vendor" value="Oracle Corporation"/>
    <property name="maven.multiModuleProjectDirectory" value="F:\Workspace_MM\finsys"/>
    <property name="java.vendor.url" value="http://java.oracle.com/"/>
    <property name="path.separator" value=";"/>
    <property name="guice.disable.misplaced.annotation.check" value="true"/>
    <property name="java.vm.name" value="Java HotSpot(TM) 64-Bit Server VM"/>
    <property name="file.encoding.pkg" value="sun.io"/>
    <property name="user.script" value=""/>
    <property name="user.country" value="US"/>
    <property name="sun.java.launcher" value="SUN_STANDARD"/>
    <property name="sun.os.patch.level" value=""/>
    <property name="java.vm.specification.name" value="Java Virtual Machine Specification"/>
    <property name="user.dir" value="F:\Workspace_MM\finsys"/>
    <property name="java.runtime.version" value="1.8.0_77-b03"/>
    <property name="java.awt.graphicsenv" value="sun.awt.Win32GraphicsEnvironment"/>
    <property name="java.endorsed.dirs" value="C:\Program Files\Java\jdk1.8.0_77\jre\lib\endorsed"/>
    <property name="os.arch" value="amd64"/>
    <property name="java.io.tmpdir" value="C:\Users\Dell\AppData\Local\Temp\"/>
    <property name="line.separator" value="&#10;"/>
    <property name="java.vm.specification.vendor" value="Oracle Corporation"/>
    <property name="user.variant" value=""/>
    <property name="os.name" value="Windows 10"/>
    <property name="classworlds.conf" value="C:\apache-maven-3.5.3-bin\apache-maven-3.5.3\bin\..\bin\m2.conf"/>
    <property name="sun.jnu.encoding" value="Cp1252"/>
    <property name="java.library.path" value="C:\Program Files\Java\jdk1.8.0_77\bin;C:\WINDOWS\Sun\Java\bin;C:\WINDOWS\system32;C:\WINDOWS;C:\oraclexe\app\oracle\product\10.2.0\server\bin;C:\Program Files (x86)\Intel\iCLS Client\;C:\ProgramData\Oracle\Java\javapath;C:\Program Files\Intel\iCLS Client\;C:\WINDOWS\system32;C:\WINDOWS;C:\WINDOWS\System32\Wbem;C:\WINDOWS\System32\WindowsPowerShell\v1.0\;C:\Program Files\Java\jdk1.8.0_77\bin;C:\Android;C:\Windows\System32;C:\Program Files (x86)\Intel\Intel(R) Management Engine Components\DAL;C:\Program Files\Intel\Intel(R) Management Engine Components\DAL;C:\Program Files (x86)\Intel\Intel(R) Management Engine Components\IPT;C:\Program Files\Intel\Intel(R) Management Engine Components\IPT;C:\WINDOWS\System32\OpenSSH\;C:\apache-maven-3.5.3-bin\apache-maven-3.5.3\bin;C:\Users\Dell\AppData\Local\Microsoft\WindowsApps;C:\AppServ\Apache2.2\bin;C:\AppServ\php5;."/>
    <property name="maven.conf" value="C:\apache-maven-3.5.3-bin\apache-maven-3.5.3\bin\../conf"/>
    <property name="java.specification.name" value="Java Platform API Specification"/>
    <property name="java.class.version" value="52.0"/>
    <property name="sun.management.compiler" value="HotSpot 64-Bit Tiered Compilers"/>
    <property name="os.version" value="10.0"/>
    <property name="library.jansi.path" value="C:\apache-maven-3.5.3-bin\apache-maven-3.5.3\bin\..\lib\jansi-native"/>
    <property name="user.home" value="C:\Users\Dell"/>
    <property name="user.timezone" value="Asia/Calcutta"/>
    <property name="java.awt.printerjob" value="sun.awt.windows.WPrinterJob"/>
    <property name="java.specification.version" value="1.8"/>
    <property name="file.encoding" value="Cp1252"/>
    <property name="user.name" value="Dell"/>
    <property name="java.class.path" value="C:\apache-maven-3.5.3-bin\apache-maven-3.5.3\bin\..\boot\plexus-classworlds-2.5.2.jar"/>
    <property name="java.vm.specification.version" value="1.8"/>
    <property name="sun.arch.data.model" value="64"/>
    <property name="java.home" value="C:\Program Files\Java\jdk1.8.0_77\jre"/>
    <property name="sun.java.command" value="org.codehaus.plexus.classworlds.launcher.Launcher clean test -Dcucumber.options=src/test/resources/FeatureCollections/Login.feature"/>
    <property name="java.specification.vendor" value="Oracle Corporation"/>
    <property name="user.language" value="en"/>
    <property name="awt.toolkit" value="sun.awt.windows.WToolkit"/>
    <property name="java.vm.info" value="mixed mode"/>
    <property name="java.version" value="1.8.0_77"/>
    <property name="java.ext.dirs" value="C:\Program Files\Java\jdk1.8.0_77\jre\lib\ext;C:\WINDOWS\Sun\Java\lib\ext"/>
    <property name="sun.boot.class.path" value="C:\Program Files\Java\jdk1.8.0_77\jre\lib\resources.jar;C:\Program Files\Java\jdk1.8.0_77\jre\lib\rt.jar;C:\Program Files\Java\jdk1.8.0_77\jre\lib\sunrsasign.jar;C:\Program Files\Java\jdk1.8.0_77\jre\lib\jsse.jar;C:\Program Files\Java\jdk1.8.0_77\jre\lib\jce.jar;C:\Program Files\Java\jdk1.8.0_77\jre\lib\charsets.jar;C:\Program Files\Java\jdk1.8.0_77\jre\lib\jfr.jar;C:\Program Files\Java\jdk1.8.0_77\jre\classes"/>
    <property name="sun.stderr.encoding" value="cp437"/>
    <property name="java.vendor" value="Oracle Corporation"/>
    <property name="maven.home" value="C:\apache-maven-3.5.3-bin\apache-maven-3.5.3\bin\.."/>
    <property name="file.separator" value="\"/>
    <property name="java.vendor.url.bug" value="http://bugreport.sun.com/bugreport/"/>
    <property name="sun.cpu.endian" value="little"/>
    <property name="sun.io.unicode.encoding" value="UnicodeLittle"/>
    <property name="sun.stdout.encoding" value="cp437"/>
    <property name="sun.desktop" value="windows"/>
    <property name="sun.cpu.isalist" value="amd64"/>
  </properties>
  <testcase name="ExecuteLaunch" classname="ej.finsys.modules.Launch" time="12.733"/>
  <testcase name="ExecuteLaunch" classname="ej.finsys.modules.Launch" time="12.041"/>
  <testcase name="ExecuteLaunch" classname="ej.finsys.modules.Launch" time="12.044"/>
  <testcase name="ExecuteLogin" classname="ej.finsys.modules.Login" time="25.458"/>
  <testcase name="ExecuteLogin" classname="ej.finsys.modules.Login" time="20.365">
    <failure message="expected [Welcome dummy[CFO]] but found [Welcome dummy[FM]]" type="java.lang.AssertionError">java.lang.AssertionError: expected [Welcome dummy[CFO]] but found [Welcome dummy[FM]]
	at org.testng.Assert.fail(Assert.java:94)
	at org.testng.Assert.failNotEquals(Assert.java:513)
	at org.testng.Assert.assertEqualsImpl(Assert.java:135)
	at org.testng.Assert.assertEquals(Assert.java:116)
	at org.testng.Assert.assertEquals(Assert.java:190)
	at org.testng.Assert.assertEquals(Assert.java:200)
	at ej.finsys.modules.Login.ExecuteLogin(Login.java:76)
</failure>
    <system-out><![CDATA[###I am in onTestSuccess Testcase Listner
***The parameter value is:param_browser
***The parameter value is:param_url
***The parameter value is:5000
###Testcasenullis passed
###StepnameExecuteLaunch is passed
2018-08-03 11:18:51 INFO  Testcase_Listner:79 - Testcase Testcasenm is passed:null
###I am in onTestStart Testcase Listner
The parameter name in TestNG file is:param_fm_username_
The parameter value in parameters.properties file is:null
The parameter name in TestNG file is:param_password
The parameter value in parameters.properties file is:passw0rd
The parameter name in TestNG file is:5000
The parameter value in parameters.properties file is:null
UserName is:dummyfm
Password is:passw0rd
The UserName is:dummyfm
The Password is:passw0rd
The Home page title is:Welcome dummy[FM]
The Home page Title is displayed incorrectly
]]></system-out>
  </testcase>
  <testcase name="ExecuteLogin" classname="ej.finsys.modules.Login" time="20.345">
    <failure message="expected [Welcome dummy[CFO]] but found [Welcome dummy[RM]]" type="java.lang.AssertionError">java.lang.AssertionError: expected [Welcome dummy[CFO]] but found [Welcome dummy[RM]]
	at org.testng.Assert.fail(Assert.java:94)
	at org.testng.Assert.failNotEquals(Assert.java:513)
	at org.testng.Assert.assertEqualsImpl(Assert.java:135)
	at org.testng.Assert.assertEquals(Assert.java:116)
	at org.testng.Assert.assertEquals(Assert.java:190)
	at org.testng.Assert.assertEquals(Assert.java:200)
	at ej.finsys.modules.Login.ExecuteLogin(Login.java:76)
</failure>
    <system-out><![CDATA[###I am in onTestSuccess Testcase Listner
***The parameter value is:param_browser
***The parameter value is:param_url
***The parameter value is:5000
###Testcasenullis passed
###StepnameExecuteLaunch is passed
2018-08-03 11:19:34 INFO  Testcase_Listner:79 - Testcase Testcasenm is passed:null
###I am in onTestStart Testcase Listner
The parameter name in TestNG file is:param_rm_username
The parameter value in parameters.properties file is:dummyrm
The parameter name in TestNG file is:param_password
The parameter value in parameters.properties file is:passw0rd
The parameter name in TestNG file is:5000
The parameter value in parameters.properties file is:null
UserName is:dummyrm
Password is:passw0rd
The UserName is:dummyrm
The Password is:passw0rd
The Home page title is:Welcome dummy[RM]
The Home page Title is displayed incorrectly
]]></system-out>
  </testcase>
  <testcase name="closebrowser" classname="ej.finsys.utility.Close_browser" time="10.096"/>
  <testcase name="closebrowser" classname="ej.finsys.utility.Close_browser" time="10.074"/>
  <testcase name="closebrowser" classname="ej.finsys.utility.Close_browser" time="10.069"/>
</testsuite>