<!DOCTYPE html PUBLIC "-//W3C//DTD XHTML 1.1//EN" "http://www.w3.org/TR/xhtml11/DTD/xhtml11.dtd">
<html xmlns="http://www.w3.org/1999/xhtml"><head><title>TestNG Report</title><style type="text/css">table {margin-bottom:10px;border-collapse:collapse;empty-cells:show}th,td {border:1px solid #009;padding:.25em .5em}th {vertical-align:bottom}td {vertical-align:top}table a {font-weight:bold}.stripe td {background-color: #E6EBF9}.num {text-align:right}.passedodd td {background-color: #3F3}.passedeven td {background-color: #0A0}.skippedodd td {background-color: #DDD}.skippedeven td {background-color: #CCC}.failedodd td,.attn {background-color: #F33}.failedeven td,.stripe .attn {background-color: #D00}.stacktrace {white-space:pre;font-family:monospace}.totop {font-size:85%;text-align:center;border-bottom:2px solid #000}</style></head><body><table><tr><th>Test</th><th># Passed</th><th># Skipped</th><th># Failed</th><th>Time (ms)</th><th>Included Groups</th><th>Excluded Groups</th></tr><tr><th colspan="7">Finsys_regression</th></tr><tr><td><a href="#t0">TC_082_Verify Authentication process of a finsys user having role of CFO</a></td><td class="num">3</td><td class="num">0</td><td class="num">0</td><td class="num">72,303</td><td></td><td></td></tr><tr class="stripe"><td><a href="#t1">TC_082_Verify Authentication process of a finsys user having role of FM</a></td><td class="num">2</td><td class="num">0</td><td class="num attn">1</td><td class="num">44,352</td><td></td><td></td></tr><tr><td><a href="#t2">TC_082_Verify Authentication process of a finsys user having role of RM</a></td><td class="num">2</td><td class="num">0</td><td class="num attn">1</td><td class="num">44,280</td><td></td><td></td></tr><tr class="stripe"><td><a href="#t3">TC_082_Verify Authentication process of a finsys user having role of ITM</a></td><td class="num">3</td><td class="num">0</td><td class="num">0</td><td class="num">44,561</td><td></td><td></td></tr><tr><td><a href="#t4">TC_083_Verify Creation of a New Company by passing all Valid Details</a></td><td class="num">3</td><td class="num">0</td><td class="num attn">1</td><td class="num">136,670</td><td></td><td></td></tr><tr class="stripe"><td><a href="#t5">TC_084_Verify updated details of the Company are properly reflecting on View Company Page</a></td><td class="num">3</td><td class="num">0</td><td class="num attn">1</td><td class="num">128,091</td><td></td><td></td></tr><tr><td><a href="#t6">TC_085_Verify of Deletion of a Recently added Company whose revenue and expense related information is not available</a></td><td class="num">3</td><td class="num">0</td><td class="num attn">1</td><td class="num">60,526</td><td></td><td></td></tr><tr class="stripe"><td><a href="#t7">TC_086_Verify of Deletion of a Company whose revenue and expense related information is available</a></td><td class="num">3</td><td class="num">0</td><td class="num attn">1</td><td class="num">62,225</td><td></td><td></td></tr><tr><td><a href="#t8">TC_088_Verify Creation of a New Leasehold Improvements by passing all Valid Details</a></td><td class="num">3</td><td class="num">0</td><td class="num attn">1</td><td class="num">64,041</td><td></td><td></td></tr><tr><th>Total</th><th class="num">25</th><th class="num">0</th><th class="num attn">7</th><th class="num">657,049</th><th colspan="2"></th></tr></table><table><thead><tr><th>Class</th><th>Method</th><th>Start</th><th>Time (ms)</th></tr></thead><tbody><tr><th colspan="4">Finsys_regression</th></tr></tbody><tbody id="t0"><tr><th colspan="4">TC_082_Verify Authentication process of a finsys user having role of CFO &#8212; passed</th></tr><tr class="passedeven"><td rowspan="1">ej.finsys.modules.Launch</td><td><a href="#m0">ExecuteLaunch</a></td><td rowspan="1">1534690279581</td><td rowspan="1">35786</td></tr><tr class="passedodd"><td rowspan="1">ej.finsys.modules.Login</td><td><a href="#m1">ExecuteLogin</a></td><td rowspan="1">1534690315380</td><td rowspan="1">25983</td></tr><tr class="passedeven"><td rowspan="1">ej.finsys.utility.Close_browser</td><td><a href="#m2">closebrowser</a></td><td rowspan="1">1534690341368</td><td rowspan="1">10359</td></tr></tbody><tbody id="t1"><tr><th colspan="4">TC_082_Verify Authentication process of a finsys user having role of FM &#8212; failed</th></tr><tr class="failedeven"><td rowspan="1">ej.finsys.modules.Login</td><td><a href="#m3">ExecuteLogin</a></td><td rowspan="1">1534690365569</td><td rowspan="1">20482</td></tr><tr><th colspan="4">TC_082_Verify Authentication process of a finsys user having role of FM &#8212; passed</th></tr><tr class="passedeven"><td rowspan="1">ej.finsys.modules.Launch</td><td><a href="#m4">ExecuteLaunch</a></td><td rowspan="1">1534690351866</td><td rowspan="1">13686</td></tr><tr class="passedodd"><td rowspan="1">ej.finsys.utility.Close_browser</td><td><a href="#m5">closebrowser</a></td><td rowspan="1">1534690386098</td><td rowspan="1">10105</td></tr></tbody><tbody id="t2"><tr><th colspan="4">TC_082_Verify Authentication process of a finsys user having role of RM &#8212; failed</th></tr><tr class="failedeven"><td rowspan="1">ej.finsys.modules.Login</td><td><a href="#m6">ExecuteLogin</a></td><td rowspan="1">1534690409958</td><td rowspan="1">20485</td></tr><tr><th colspan="4">TC_082_Verify Authentication process of a finsys user having role of RM &#8212; passed</th></tr><tr class="passedeven"><td rowspan="1">ej.finsys.modules.Launch</td><td><a href="#m7">ExecuteLaunch</a></td><td rowspan="1">1534690396253</td><td rowspan="1">13695</td></tr><tr class="passedodd"><td rowspan="1">ej.finsys.utility.Close_browser</td><td><a href="#m8">closebrowser</a></td><td rowspan="1">1534690430443</td><td rowspan="1">10074</td></tr></tbody><tbody id="t3"><tr><th colspan="4">TC_082_Verify Authentication process of a finsys user having role of ITM &#8212; passed</th></tr><tr class="passedeven"><td rowspan="1">ej.finsys.modules.Launch</td><td><a href="#m9">ExecuteLaunch</a></td><td rowspan="1">1534690440625</td><td rowspan="1">14021</td></tr><tr class="passedodd"><td rowspan="1">ej.finsys.modules.Login</td><td><a href="#m10">Executeloginwithinvalid</a></td><td rowspan="1">1534690454660</td><td rowspan="1">20402</td></tr><tr class="passedeven"><td rowspan="1">ej.finsys.utility.Close_browser</td><td><a href="#m11">closebrowser</a></td><td rowspan="1">1534690475064</td><td rowspan="1">10092</td></tr></tbody><tbody id="t4"><tr><th colspan="4">TC_083_Verify Creation of a New Company by passing all Valid Details &#8212; failed</th></tr><tr class="failedeven"><td rowspan="1">ej.finsys.modules.CreateManageCompany</td><td><a href="#m12">createcompany</a></td><td rowspan="1">1534690512611</td><td rowspan="1">99022</td></tr><tr><th colspan="4">TC_083_Verify Creation of a New Company by passing all Valid Details &#8212; passed</th></tr><tr class="passedeven"><td rowspan="1">ej.finsys.modules.Launch</td><td><a href="#m13">ExecuteLaunch</a></td><td rowspan="1">1534690485188</td><td rowspan="1">12019</td></tr><tr class="passedodd"><td rowspan="1">ej.finsys.modules.Login</td><td><a href="#m14">ExecuteLogin2</a></td><td rowspan="1">1534690497222</td><td rowspan="1">15386</td></tr><tr class="passedeven"><td rowspan="1">ej.finsys.utility.Close_browser</td><td><a href="#m15">closebrowser</a></td><td rowspan="1">1534690611676</td><td rowspan="1">10182</td></tr></tbody><tbody id="t5"><tr><th colspan="4">TC_084_Verify updated details of the Company are properly reflecting on View Company Page &#8212; failed</th></tr><tr class="failedeven"><td rowspan="1">ej.finsys.modules.UpdateManageCompany</td><td><a href="#m16">updatecompany</a></td><td rowspan="1">1534690654363</td><td rowspan="1">83269</td></tr><tr><th colspan="4">TC_084_Verify updated details of the Company are properly reflecting on View Company Page &#8212; passed</th></tr><tr class="passedeven"><td rowspan="1">ej.finsys.modules.Launch</td><td><a href="#m17">ExecuteLaunch</a></td><td rowspan="1">1534690621950</td><td rowspan="1">17039</td></tr><tr class="passedodd"><td rowspan="1">ej.finsys.modules.Login</td><td><a href="#m18">ExecuteLogin2</a></td><td rowspan="1">1534690638992</td><td rowspan="1">15369</td></tr><tr class="passedeven"><td rowspan="1">ej.finsys.utility.Close_browser</td><td><a href="#m19">closebrowser</a></td><td rowspan="1">1534690737642</td><td rowspan="1">12396</td></tr></tbody><tbody id="t6"><tr><th colspan="4">TC_085_Verify of Deletion of a Recently added Company whose revenue and expense related information is not available &#8212; failed</th></tr><tr class="failedeven"><td rowspan="1">ej.finsys.modules.DeleteManageCompany</td><td><a href="#m20">deletecompany</a></td><td rowspan="1">1534690777562</td><td rowspan="1">20633</td></tr><tr><th colspan="4">TC_085_Verify of Deletion of a Recently added Company whose revenue and expense related information is not available &#8212; passed</th></tr><tr class="passedeven"><td rowspan="1">ej.finsys.modules.Launch</td><td><a href="#m21">ExecuteLaunch</a></td><td rowspan="1">1534690750074</td><td rowspan="1">12075</td></tr><tr class="passedodd"><td rowspan="1">ej.finsys.modules.Login</td><td><a href="#m22">ExecuteLogin2</a></td><td rowspan="1">1534690762151</td><td rowspan="1">15409</td></tr><tr class="passedeven"><td rowspan="1">ej.finsys.utility.Close_browser</td><td><a href="#m23">closebrowser</a></td><td rowspan="1">1534690798195</td><td rowspan="1">12405</td></tr></tbody><tbody id="t7"><tr><th colspan="4">TC_086_Verify of Deletion of a Company whose revenue and expense related information is available &#8212; failed</th></tr><tr class="failedeven"><td rowspan="1">ej.finsys.modules.DeleteManageCompany</td><td><a href="#m24">deletecompany</a></td><td rowspan="1">1534690839830</td><td rowspan="1">20641</td></tr><tr><th colspan="4">TC_086_Verify of Deletion of a Company whose revenue and expense related information is available &#8212; passed</th></tr><tr class="passedeven"><td rowspan="1">ej.finsys.modules.Launch</td><td><a href="#m25">ExecuteLaunch</a></td><td rowspan="1">1534690810615</td><td rowspan="1">13838</td></tr><tr class="passedodd"><td rowspan="1">ej.finsys.modules.Login</td><td><a href="#m26">ExecuteLogin2</a></td><td rowspan="1">1534690824455</td><td rowspan="1">15371</td></tr><tr class="passedeven"><td rowspan="1">ej.finsys.utility.Close_browser</td><td><a href="#m27">closebrowser</a></td><td rowspan="1">1534690860471</td><td rowspan="1">12366</td></tr></tbody><tbody id="t8"><tr><th colspan="4">TC_088_Verify Creation of a New Leasehold Improvements by passing all Valid Details &#8212; failed</th></tr><tr class="failedeven"><td rowspan="1">ej.finsys.modules.CreateLeaseHoldImprovement</td><td><a href="#m28">Createleadimp</a></td><td rowspan="1">1534690900730</td><td rowspan="1">26084</td></tr><tr><th colspan="4">TC_088_Verify Creation of a New Leasehold Improvements by passing all Valid Details &#8212; passed</th></tr><tr class="passedeven"><td rowspan="1">ej.finsys.modules.Launch</td><td><a href="#m29">ExecuteLaunch</a></td><td rowspan="1">1534690872883</td><td rowspan="1">12445</td></tr><tr class="passedodd"><td rowspan="1">ej.finsys.modules.Login</td><td><a href="#m30">ExecuteLogin2</a></td><td rowspan="1">1534690885330</td><td rowspan="1">15398</td></tr><tr class="passedeven"><td rowspan="1">ej.finsys.utility.Close_browser</td><td><a href="#m31">closebrowser</a></td><td rowspan="1">1534690926818</td><td rowspan="1">10089</td></tr></tbody></table><h2>TC_082_Verify Authentication process of a finsys user having role of CFO</h2><h3 id="m0">ej.finsys.modules.Launch#ExecuteLaunch</h3><table class="result"><tr class="param"><th>Parameter #1</th><th>Parameter #2</th><th>Parameter #3</th></tr><tr class="param stripe"><td>param_browser</td><td>param_url</td><td>5000</td></tr></table><p class="totop"><a href="#summary">back to summary</a></p><h3 id="m1">ej.finsys.modules.Login#ExecuteLogin</h3><table class="result"><tr class="param"><th>Parameter #1</th><th>Parameter #2</th><th>Parameter #3</th></tr><tr class="param stripe"><td>param_cfo_username</td><td>param_password</td><td>5000</td></tr></table><p class="totop"><a href="#summary">back to summary</a></p><h3 id="m2">ej.finsys.utility.Close_browser#closebrowser</h3><table class="result"><tr class="param"><th>Parameter #1</th></tr><tr class="param stripe"><td>param_browsername</td></tr></table><p class="totop"><a href="#summary">back to summary</a></p><h2>TC_082_Verify Authentication process of a finsys user having role of FM</h2><h3 id="m3">ej.finsys.modules.Login#ExecuteLogin</h3><table class="result"><tr class="param"><th>Parameter #1</th><th>Parameter #2</th><th>Parameter #3</th></tr><tr class="param stripe"><td>param_fm_username_</td><td>param_password</td><td>5000</td></tr><tr><th colspan="3">Exception</th></tr><tr><td colspan="3"><div class="stacktrace">java.lang.AssertionError: expected [Welcome dummy[CFO]] but found [Welcome dummy[FM]]
	at ej.finsys.modules.Login.ExecuteLogin(Login.java:76)
... Removed 31 stack frames</div></td></tr></table><p class="totop"><a href="#summary">back to summary</a></p><h3 id="m4">ej.finsys.modules.Launch#ExecuteLaunch</h3><table class="result"><tr class="param"><th>Parameter #1</th><th>Parameter #2</th><th>Parameter #3</th></tr><tr class="param stripe"><td>param_browser</td><td>param_url</td><td>5000</td></tr></table><p class="totop"><a href="#summary">back to summary</a></p><h3 id="m5">ej.finsys.utility.Close_browser#closebrowser</h3><table class="result"><tr class="param"><th>Parameter #1</th></tr><tr class="param stripe"><td>param_browsername</td></tr></table><p class="totop"><a href="#summary">back to summary</a></p><h2>TC_082_Verify Authentication process of a finsys user having role of RM</h2><h3 id="m6">ej.finsys.modules.Login#ExecuteLogin</h3><table class="result"><tr class="param"><th>Parameter #1</th><th>Parameter #2</th><th>Parameter #3</th></tr><tr class="param stripe"><td>param_rm_username</td><td>param_password</td><td>5000</td></tr><tr><th colspan="3">Exception</th></tr><tr><td colspan="3"><div class="stacktrace">java.lang.AssertionError: expected [Welcome dummy[CFO]] but found [Welcome dummy[RM]]
	at ej.finsys.modules.Login.ExecuteLogin(Login.java:76)
... Removed 31 stack frames</div></td></tr></table><p class="totop"><a href="#summary">back to summary</a></p><h3 id="m7">ej.finsys.modules.Launch#ExecuteLaunch</h3><table class="result"><tr class="param"><th>Parameter #1</th><th>Parameter #2</th><th>Parameter #3</th></tr><tr class="param stripe"><td>param_browser</td><td>param_url</td><td>5000</td></tr></table><p class="totop"><a href="#summary">back to summary</a></p><h3 id="m8">ej.finsys.utility.Close_browser#closebrowser</h3><table class="result"><tr class="param"><th>Parameter #1</th></tr><tr class="param stripe"><td>param_browsername</td></tr></table><p class="totop"><a href="#summary">back to summary</a></p><h2>TC_082_Verify Authentication process of a finsys user having role of ITM</h2><h3 id="m9">ej.finsys.modules.Launch#ExecuteLaunch</h3><table class="result"><tr class="param"><th>Parameter #1</th><th>Parameter #2</th><th>Parameter #3</th></tr><tr class="param stripe"><td>param_browser</td><td>param_url</td><td>5000</td></tr></table><p class="totop"><a href="#summary">back to summary</a></p><h3 id="m10">ej.finsys.modules.Login#Executeloginwithinvalid</h3><table class="result"><tr class="param"><th>Parameter #1</th><th>Parameter #2</th></tr><tr class="param stripe"><td>param_itm_username</td><td>param_password</td></tr></table><p class="totop"><a href="#summary">back to summary</a></p><h3 id="m11">ej.finsys.utility.Close_browser#closebrowser</h3><table class="result"><tr class="param"><th>Parameter #1</th></tr><tr class="param stripe"><td>param_browsername</td></tr></table><p class="totop"><a href="#summary">back to summary</a></p><h2>TC_083_Verify Creation of a New Company by passing all Valid Details</h2><h3 id="m12">ej.finsys.modules.CreateManageCompany#createcompany</h3><table class="result"><tr class="param"><th>Parameter #1</th><th>Parameter #2</th><th>Parameter #3</th><th>Parameter #4</th><th>Parameter #5</th><th>Parameter #6</th><th>Parameter #7</th><th>Parameter #8</th><th>Parameter #9</th><th>Parameter #10</th><th>Parameter #11</th><th>Parameter #12</th><th>Parameter #13</th><th>Parameter #14</th></tr><tr class="param stripe"><td>param_companyname</td><td>param_companytype</td><td>param_subtype</td><td>param_address</td><td>param_phonenumber</td><td>param_email</td><td>param_pandetails</td><td>param_tindetails</td><td>param_mobilenumber</td><td>param_websiteurl</td><td>param_country</td><td>param_state</td><td>param_city</td><td>param_totalemployee</td></tr><tr><th colspan="14">Exception</th></tr><tr><td colspan="14"><div class="stacktrace">org.openqa.selenium.UnhandledAlertException: unexpected alert open: {Alert text : Company Already Exists.Please Select different Company Name!!!}
  (Session info: chrome=68.0.3440.106)
  (Driver info: chromedriver=2.39.562718 (9a2698cba08cf5a471a29d30c8b3e12becabb0e9),platform=Windows NT 10.0.17134 x86_64) (WARNING: The server did not provide any stacktrace information)
Command duration or timeout: 0 milliseconds: null
Build info: version: &apos;3.10.0&apos;, revision: &apos;176b4a9&apos;, time: &apos;2018-03-02T19:03:16.397Z&apos;
System info: host: &apos;DESKTOP-IUV45J7&apos;, ip: &apos;192.168.1.3&apos;, os.name: &apos;Windows 10&apos;, os.arch: &apos;amd64&apos;, os.version: &apos;10.0&apos;, java.version: &apos;1.8.0_77&apos;
Driver info: org.openqa.selenium.chrome.ChromeDriver
Capabilities {acceptInsecureCerts: false, acceptSslCerts: false, applicationCacheEnabled: false, browserConnectionEnabled: false, browserName: chrome, chrome: {chromedriverVersion: 2.39.562718 (9a2698cba08cf5..., userDataDir: C:\Users\Dell\AppData\Local...}, cssSelectorsEnabled: true, databaseEnabled: false, handlesAlerts: true, hasTouchScreen: false, javascriptEnabled: true, locationContextEnabled: true, mobileEmulationEnabled: false, nativeEvents: true, networkConnectionEnabled: false, pageLoadStrategy: normal, platform: XP, platformName: XP, rotatable: false, setWindowRect: true, takesHeapSnapshot: true, takesScreenshot: true, unexpectedAlertBehaviour: , unhandledPromptBehavior: , version: 68.0.3440.106, webStorageEnabled: true}
Session ID: f4a184b07db23fd19113994895e09bb9
*** Element info: {Using=xpath, value=//td[@field=&apos;name&apos;]/div[.=&apos;Shri Technology&apos;]}
	at org.openqa.selenium.remote.ErrorHandler.createThrowable(ErrorHandler.java:214)
	at org.openqa.selenium.remote.ErrorHandler.throwIfResponseFailed(ErrorHandler.java:172)
	at org.openqa.selenium.remote.http.JsonHttpResponseCodec.reconstructValue(JsonHttpResponseCodec.java:40)
	at org.openqa.selenium.remote.http.AbstractHttpResponseCodec.decode(AbstractHttpResponseCodec.java:80)
	at org.openqa.selenium.remote.http.AbstractHttpResponseCodec.decode(AbstractHttpResponseCodec.java:44)
	at org.openqa.selenium.remote.HttpCommandExecutor.execute(HttpCommandExecutor.java:160)
	at org.openqa.selenium.remote.service.DriverCommandExecutor.execute(DriverCommandExecutor.java:83)
	at org.openqa.selenium.remote.RemoteWebDriver.execute(RemoteWebDriver.java:601)
	at org.openqa.selenium.remote.RemoteWebDriver.findElement(RemoteWebDriver.java:371)
	at org.openqa.selenium.remote.RemoteWebDriver.findElementByXPath(RemoteWebDriver.java:473)
	at org.openqa.selenium.By$ByXPath.findElement(By.java:361)
	at org.openqa.selenium.remote.RemoteWebDriver.findElement(RemoteWebDriver.java:363)
	at ej.finsys.pages.Company.SelectManageCompany(Company.java:337)
	at ej.finsys.modules.CreateManageCompany.createcompany(CreateManageCompany.java:131)
... Removed 29 stack frames</div></td></tr></table><p class="totop"><a href="#summary">back to summary</a></p><h3 id="m13">ej.finsys.modules.Launch#ExecuteLaunch</h3><table class="result"><tr class="param"><th>Parameter #1</th><th>Parameter #2</th><th>Parameter #3</th></tr><tr class="param stripe"><td>param_browsername</td><td>param_url</td><td>5000</td></tr></table><p class="totop"><a href="#summary">back to summary</a></p><h3 id="m14">ej.finsys.modules.Login#ExecuteLogin2</h3><table class="result"><tr class="param"><th>Parameter #1</th><th>Parameter #2</th><th>Parameter #3</th></tr><tr class="param stripe"><td>param_cfo_username</td><td>param_password</td><td>5000</td></tr></table><p class="totop"><a href="#summary">back to summary</a></p><h3 id="m15">ej.finsys.utility.Close_browser#closebrowser</h3><table class="result"><tr class="param"><th>Parameter #1</th></tr><tr class="param stripe"><td>param_browsername</td></tr></table><p class="totop"><a href="#summary">back to summary</a></p><h2>TC_084_Verify updated details of the Company are properly reflecting on View Company Page</h2><h3 id="m16">ej.finsys.modules.UpdateManageCompany#updatecompany</h3><table class="result"><tr class="param"><th>Parameter #1</th><th>Parameter #2</th><th>Parameter #3</th><th>Parameter #4</th><th>Parameter #5</th></tr><tr class="param stripe"><td>param_companyname_update</td><td>param_address_update</td><td>param_phonenumber_udate</td><td>param_email_update</td><td>param_totalemployee_update</td></tr><tr><th colspan="5">Exception</th></tr><tr><td colspan="5"><div class="stacktrace">java.lang.AssertionError: expected [true] but found [false]
	at ej.finsys.modules.UpdateManageCompany.updatecompany(UpdateManageCompany.java:70)
... Removed 30 stack frames</div></td></tr></table><p class="totop"><a href="#summary">back to summary</a></p><h3 id="m17">ej.finsys.modules.Launch#ExecuteLaunch</h3><table class="result"><tr class="param"><th>Parameter #1</th><th>Parameter #2</th><th>Parameter #3</th></tr><tr class="param stripe"><td>CH64</td><td>http://localhost:90/finsys/login.html</td><td>5000</td></tr></table><p class="totop"><a href="#summary">back to summary</a></p><h3 id="m18">ej.finsys.modules.Login#ExecuteLogin2</h3><table class="result"><tr class="param"><th>Parameter #1</th><th>Parameter #2</th><th>Parameter #3</th></tr><tr class="param stripe"><td>param_cfo_username</td><td>param_password</td><td>5000</td></tr></table><p class="totop"><a href="#summary">back to summary</a></p><h3 id="m19">ej.finsys.utility.Close_browser#closebrowser</h3><table class="result"><tr class="param"><th>Parameter #1</th></tr><tr class="param stripe"><td>param_browsername</td></tr></table><p class="totop"><a href="#summary">back to summary</a></p><h2>TC_085_Verify of Deletion of a Recently added Company whose revenue and expense related information is not available</h2><h3 id="m20">ej.finsys.modules.DeleteManageCompany#deletecompany</h3><table class="result"><tr class="param"><th>Parameter #1</th></tr><tr class="param stripe"><td>param_companyname</td></tr><tr><th>Exception</th></tr><tr><td><div class="stacktrace">org.openqa.selenium.NoSuchElementException: no such element: Unable to locate element: {&quot;method&quot;:&quot;xpath&quot;,&quot;selector&quot;:&quot;//td[@field=&apos;name&apos;]/div[.=&apos;Sai Technology&apos;]&quot;}
  (Session info: chrome=68.0.3440.106)
  (Driver info: chromedriver=2.39.562718 (9a2698cba08cf5a471a29d30c8b3e12becabb0e9),platform=Windows NT 10.0.17134 x86_64) (WARNING: The server did not provide any stacktrace information)
Command duration or timeout: 0 milliseconds
For documentation on this error, please visit: http://seleniumhq.org/exceptions/no_such_element.html
Build info: version: &apos;3.10.0&apos;, revision: &apos;176b4a9&apos;, time: &apos;2018-03-02T19:03:16.397Z&apos;
System info: host: &apos;DESKTOP-IUV45J7&apos;, ip: &apos;192.168.1.3&apos;, os.name: &apos;Windows 10&apos;, os.arch: &apos;amd64&apos;, os.version: &apos;10.0&apos;, java.version: &apos;1.8.0_77&apos;
Driver info: org.openqa.selenium.chrome.ChromeDriver
Capabilities {acceptInsecureCerts: false, acceptSslCerts: false, applicationCacheEnabled: false, browserConnectionEnabled: false, browserName: chrome, chrome: {chromedriverVersion: 2.39.562718 (9a2698cba08cf5..., userDataDir: C:\Users\Dell\AppData\Local...}, cssSelectorsEnabled: true, databaseEnabled: false, handlesAlerts: true, hasTouchScreen: false, javascriptEnabled: true, locationContextEnabled: true, mobileEmulationEnabled: false, nativeEvents: true, networkConnectionEnabled: false, pageLoadStrategy: normal, platform: XP, platformName: XP, rotatable: false, setWindowRect: true, takesHeapSnapshot: true, takesScreenshot: true, unexpectedAlertBehaviour: , unhandledPromptBehavior: , version: 68.0.3440.106, webStorageEnabled: true}
Session ID: b95573675c661e20e8ff524d101115df
*** Element info: {Using=xpath, value=//td[@field=&apos;name&apos;]/div[.=&apos;Sai Technology&apos;]}
	at org.openqa.selenium.remote.ErrorHandler.createThrowable(ErrorHandler.java:214)
	at org.openqa.selenium.remote.ErrorHandler.throwIfResponseFailed(ErrorHandler.java:166)
	at org.openqa.selenium.remote.http.JsonHttpResponseCodec.reconstructValue(JsonHttpResponseCodec.java:40)
	at org.openqa.selenium.remote.http.AbstractHttpResponseCodec.decode(AbstractHttpResponseCodec.java:80)
	at org.openqa.selenium.remote.http.AbstractHttpResponseCodec.decode(AbstractHttpResponseCodec.java:44)
	at org.openqa.selenium.remote.HttpCommandExecutor.execute(HttpCommandExecutor.java:160)
	at org.openqa.selenium.remote.service.DriverCommandExecutor.execute(DriverCommandExecutor.java:83)
	at org.openqa.selenium.remote.RemoteWebDriver.execute(RemoteWebDriver.java:601)
	at org.openqa.selenium.remote.RemoteWebDriver.findElement(RemoteWebDriver.java:371)
	at org.openqa.selenium.remote.RemoteWebDriver.findElementByXPath(RemoteWebDriver.java:473)
	at org.openqa.selenium.By$ByXPath.findElement(By.java:361)
	at org.openqa.selenium.remote.RemoteWebDriver.findElement(RemoteWebDriver.java:363)
	at ej.finsys.pages.Company.SelectManageCompany(Company.java:337)
	at ej.finsys.modules.DeleteManageCompany.deletecompany(DeleteManageCompany.java:39)
... Removed 29 stack frames</div></td></tr></table><p class="totop"><a href="#summary">back to summary</a></p><h3 id="m21">ej.finsys.modules.Launch#ExecuteLaunch</h3><table class="result"><tr class="param"><th>Parameter #1</th><th>Parameter #2</th><th>Parameter #3</th></tr><tr class="param stripe"><td>CH64</td><td>http://localhost:90/finsys/login.html</td><td>5000</td></tr></table><p class="totop"><a href="#summary">back to summary</a></p><h3 id="m22">ej.finsys.modules.Login#ExecuteLogin2</h3><table class="result"><tr class="param"><th>Parameter #1</th><th>Parameter #2</th><th>Parameter #3</th></tr><tr class="param stripe"><td>param_cfo_username</td><td>param_password</td><td>5000</td></tr></table><p class="totop"><a href="#summary">back to summary</a></p><h3 id="m23">ej.finsys.utility.Close_browser#closebrowser</h3><table class="result"><tr class="param"><th>Parameter #1</th></tr><tr class="param stripe"><td>param_browsername</td></tr></table><p class="totop"><a href="#summary">back to summary</a></p><h2>TC_086_Verify of Deletion of a Company whose revenue and expense related information is available</h2><h3 id="m24">ej.finsys.modules.DeleteManageCompany#deletecompany</h3><table class="result"><tr class="param"><th>Parameter #1</th></tr><tr class="param stripe"><td>param_comnm</td></tr><tr><th>Exception</th></tr><tr><td><div class="stacktrace">org.openqa.selenium.NoSuchElementException: no such element: Unable to locate element: {&quot;method&quot;:&quot;xpath&quot;,&quot;selector&quot;:&quot;//td[@field=&apos;name&apos;]/div[.=&apos;Sai Technology&apos;]&quot;}
  (Session info: chrome=68.0.3440.106)
  (Driver info: chromedriver=2.39.562718 (9a2698cba08cf5a471a29d30c8b3e12becabb0e9),platform=Windows NT 10.0.17134 x86_64) (WARNING: The server did not provide any stacktrace information)
Command duration or timeout: 0 milliseconds
For documentation on this error, please visit: http://seleniumhq.org/exceptions/no_such_element.html
Build info: version: &apos;3.10.0&apos;, revision: &apos;176b4a9&apos;, time: &apos;2018-03-02T19:03:16.397Z&apos;
System info: host: &apos;DESKTOP-IUV45J7&apos;, ip: &apos;192.168.1.3&apos;, os.name: &apos;Windows 10&apos;, os.arch: &apos;amd64&apos;, os.version: &apos;10.0&apos;, java.version: &apos;1.8.0_77&apos;
Driver info: org.openqa.selenium.chrome.ChromeDriver
Capabilities {acceptInsecureCerts: false, acceptSslCerts: false, applicationCacheEnabled: false, browserConnectionEnabled: false, browserName: chrome, chrome: {chromedriverVersion: 2.39.562718 (9a2698cba08cf5..., userDataDir: C:\Users\Dell\AppData\Local...}, cssSelectorsEnabled: true, databaseEnabled: false, handlesAlerts: true, hasTouchScreen: false, javascriptEnabled: true, locationContextEnabled: true, mobileEmulationEnabled: false, nativeEvents: true, networkConnectionEnabled: false, pageLoadStrategy: normal, platform: XP, platformName: XP, rotatable: false, setWindowRect: true, takesHeapSnapshot: true, takesScreenshot: true, unexpectedAlertBehaviour: , unhandledPromptBehavior: , version: 68.0.3440.106, webStorageEnabled: true}
Session ID: 48c8a543e2f30b166c6d89fd8b6c20d3
*** Element info: {Using=xpath, value=//td[@field=&apos;name&apos;]/div[.=&apos;Sai Technology&apos;]}
	at org.openqa.selenium.remote.ErrorHandler.createThrowable(ErrorHandler.java:214)
	at org.openqa.selenium.remote.ErrorHandler.throwIfResponseFailed(ErrorHandler.java:166)
	at org.openqa.selenium.remote.http.JsonHttpResponseCodec.reconstructValue(JsonHttpResponseCodec.java:40)
	at org.openqa.selenium.remote.http.AbstractHttpResponseCodec.decode(AbstractHttpResponseCodec.java:80)
	at org.openqa.selenium.remote.http.AbstractHttpResponseCodec.decode(AbstractHttpResponseCodec.java:44)
	at org.openqa.selenium.remote.HttpCommandExecutor.execute(HttpCommandExecutor.java:160)
	at org.openqa.selenium.remote.service.DriverCommandExecutor.execute(DriverCommandExecutor.java:83)
	at org.openqa.selenium.remote.RemoteWebDriver.execute(RemoteWebDriver.java:601)
	at org.openqa.selenium.remote.RemoteWebDriver.findElement(RemoteWebDriver.java:371)
	at org.openqa.selenium.remote.RemoteWebDriver.findElementByXPath(RemoteWebDriver.java:473)
	at org.openqa.selenium.By$ByXPath.findElement(By.java:361)
	at org.openqa.selenium.remote.RemoteWebDriver.findElement(RemoteWebDriver.java:363)
	at ej.finsys.pages.Company.SelectManageCompany(Company.java:337)
	at ej.finsys.modules.DeleteManageCompany.deletecompany(DeleteManageCompany.java:39)
... Removed 29 stack frames</div></td></tr></table><p class="totop"><a href="#summary">back to summary</a></p><h3 id="m25">ej.finsys.modules.Launch#ExecuteLaunch</h3><table class="result"><tr class="param"><th>Parameter #1</th><th>Parameter #2</th><th>Parameter #3</th></tr><tr class="param stripe"><td>CH64</td><td>http://localhost:90/finsys/login.html</td><td>5000</td></tr></table><p class="totop"><a href="#summary">back to summary</a></p><h3 id="m26">ej.finsys.modules.Login#ExecuteLogin2</h3><table class="result"><tr class="param"><th>Parameter #1</th><th>Parameter #2</th><th>Parameter #3</th></tr><tr class="param stripe"><td>param_cfo_username</td><td>param_password</td><td>5000</td></tr></table><p class="totop"><a href="#summary">back to summary</a></p><h3 id="m27">ej.finsys.utility.Close_browser#closebrowser</h3><table class="result"><tr class="param"><th>Parameter #1</th></tr><tr class="param stripe"><td>param_browsername</td></tr></table><p class="totop"><a href="#summary">back to summary</a></p><h2>TC_088_Verify Creation of a New Leasehold Improvements by passing all Valid Details</h2><h3 id="m28">ej.finsys.modules.CreateLeaseHoldImprovement#Createleadimp</h3><table class="result"><tr class="param"><th>Parameter #1</th><th>Parameter #2</th><th>Parameter #3</th><th>Parameter #4</th><th>Parameter #5</th></tr><tr class="param stripe"><td>param_companynm</td><td>param_levelingds</td><td>param_electricworkds</td><td>param_waterworkds</td><td>param_otherds</td></tr><tr><th colspan="5">Exception</th></tr><tr><td colspan="5"><div class="stacktrace">org.openqa.selenium.NoSuchElementException: Cannot locate element with text: Aahana Technologies(771)
For documentation on this error, please visit: http://seleniumhq.org/exceptions/no_such_element.html
Build info: version: &apos;3.10.0&apos;, revision: &apos;176b4a9&apos;, time: &apos;2018-03-02T19:03:16.397Z&apos;
System info: host: &apos;DESKTOP-IUV45J7&apos;, ip: &apos;192.168.1.3&apos;, os.name: &apos;Windows 10&apos;, os.arch: &apos;amd64&apos;, os.version: &apos;10.0&apos;, java.version: &apos;1.8.0_77&apos;
Driver info: driver.version: unknown
	at org.openqa.selenium.support.ui.Select.selectByVisibleText(Select.java:151)
	at ej.finsys.pages.LeaseholdImprovement.SelectCompany(LeaseholdImprovement.java:72)
	at ej.finsys.modules.CreateLeaseHoldImprovement.Createleadimp(CreateLeaseHoldImprovement.java:62)
... Removed 25 stack frames</div></td></tr></table><p class="totop"><a href="#summary">back to summary</a></p><h3 id="m29">ej.finsys.modules.Launch#ExecuteLaunch</h3><table class="result"><tr class="param"><th>Parameter #1</th><th>Parameter #2</th><th>Parameter #3</th></tr><tr class="param stripe"><td>CH64</td><td>http://localhost:90/finsys/login.html</td><td>5000</td></tr></table><p class="totop"><a href="#summary">back to summary</a></p><h3 id="m30">ej.finsys.modules.Login#ExecuteLogin2</h3><table class="result"><tr class="param"><th>Parameter #1</th><th>Parameter #2</th><th>Parameter #3</th></tr><tr class="param stripe"><td>param_cfo_username</td><td>param_password</td><td>5000</td></tr></table><p class="totop"><a href="#summary">back to summary</a></p><h3 id="m31">ej.finsys.utility.Close_browser#closebrowser</h3><table class="result"><tr class="param"><th>Parameter #1</th></tr><tr class="param stripe"><td>param_browsername</td></tr></table><p class="totop"><a href="#summary">back to summary</a></p></body></html>