<?xml version="1.0" encoding="UTF-8"?>
<!-- Generated by org.testng.reporters.JUnitReportReporter -->
<testsuite name="ej.finsys.modules.CreateLeaseHoldImprovement" tests="1" time="26.084" ignored="18" failures="0" timestamp="19 Aug 2018 15:02:18 GMT" skipped="0" hostname="DESKTOP-IUV45J7" errors="1">
  <testcase name="Createleadimp" time="26.084" classname="ej.finsys.modules.CreateLeaseHoldImprovement">
    <error type="org.openqa.selenium.NoSuchElementException" message="Cannot locate element with text: Aahana Technologies(771)
For documentation on this error, please visit: http://seleniumhq.org/exceptions/no_such_element.html
Build info: version: &#039;3.10.0&#039;, revision: &#039;176b4a9&#039;, time: &#039;2018-03-02T19:03:16.397Z&#039;
System info: host: &#039;DESKTOP-IUV45J7&#039;, ip: &#039;192.168.1.3&#039;, os.name: &#039;Windows 10&#039;, os.arch: &#039;amd64&#039;, os.version: &#039;10.0&#039;, java.version: &#039;1.8.0_77&#039;
Driver info: driver.version: unknown">
      <![CDATA[org.openqa.selenium.NoSuchElementException: Cannot locate element with text: Aahana Technologies(771)
For documentation on this error, please visit: http://seleniumhq.org/exceptions/no_such_element.html
Build info: version: '3.10.0', revision: '176b4a9', time: '2018-03-02T19:03:16.397Z'
System info: host: 'DESKTOP-IUV45J7', ip: '192.168.1.3', os.name: 'Windows 10', os.arch: 'amd64', os.version: '10.0', java.version: '1.8.0_77'
Driver info: driver.version: unknown
	at org.openqa.selenium.support.ui.Select.selectByVisibleText(Select.java:151)
	at ej.finsys.pages.LeaseholdImprovement.SelectCompany(LeaseholdImprovement.java:72)
	at ej.finsys.modules.CreateLeaseHoldImprovement.Createleadimp(CreateLeaseHoldImprovement.java:62)
	at sun.reflect.NativeMethodAccessorImpl.invoke0(Native Method)
	at sun.reflect.NativeMethodAccessorImpl.invoke(Unknown Source)
	at sun.reflect.DelegatingMethodAccessorImpl.invoke(Unknown Source)
	at java.lang.reflect.Method.invoke(Unknown Source)
	at org.testng.internal.MethodInvocationHelper.invokeMethod(MethodInvocationHelper.java:104)
	at org.testng.internal.Invoker.invokeMethod(Invoker.java:645)
	at org.testng.internal.Invoker.invokeTestMethod(Invoker.java:851)
	at org.testng.internal.Invoker.invokeTestMethods(Invoker.java:1177)
	at org.testng.internal.TestMethodWorker.invokeTestMethods(TestMethodWorker.java:129)
	at org.testng.internal.TestMethodWorker.run(TestMethodWorker.java:112)
	at org.testng.TestRunner.privateRun(TestRunner.java:756)
	at org.testng.TestRunner.run(TestRunner.java:610)
	at org.testng.SuiteRunner.runTest(SuiteRunner.java:387)
	at org.testng.SuiteRunner.runSequentially(SuiteRunner.java:382)
	at org.testng.SuiteRunner.privateRun(SuiteRunner.java:340)
	at org.testng.SuiteRunner.run(SuiteRunner.java:289)
	at org.testng.SuiteRunnerWorker.runSuite(SuiteRunnerWorker.java:52)
	at org.testng.SuiteRunnerWorker.run(SuiteRunnerWorker.java:86)
	at org.testng.TestNG.runSuitesSequentially(TestNG.java:1293)
	at org.testng.TestNG.runSuitesLocally(TestNG.java:1218)
	at org.testng.TestNG.runSuites(TestNG.java:1133)
	at org.testng.TestNG.run(TestNG.java:1104)
	at org.testng.remote.AbstractRemoteTestNG.run(AbstractRemoteTestNG.java:114)
	at org.testng.remote.RemoteTestNG.initAndRun(RemoteTestNG.java:251)
	at org.testng.remote.RemoteTestNG.main(RemoteTestNG.java:77)
]]>
    </error>
  </testcase> <!-- Createleadimp -->
  <testcase name="ExecuteLogin" classname="ej.finsys.modules.Login">
    <skipped/>
  </testcase> <!-- ExecuteLogin -->
  <testcase name="ExecuteLogin" classname="ej.finsys.modules.Login">
    <skipped/>
  </testcase> <!-- ExecuteLogin -->
  <testcase name="ExecuteLogin" classname="ej.finsys.modules.Login">
    <skipped/>
  </testcase> <!-- ExecuteLogin -->
  <testcase name="ExecuteLogin" classname="ej.finsys.modules.Login">
    <skipped/>
  </testcase> <!-- ExecuteLogin -->
  <testcase name="ExecuteLogin" classname="ej.finsys.modules.Login">
    <skipped/>
  </testcase> <!-- ExecuteLogin -->
  <testcase name="ExecuteLogin" classname="ej.finsys.modules.Login">
    <skipped/>
  </testcase> <!-- ExecuteLogin -->
  <testcase name="Executeloginwithinvalid" classname="ej.finsys.modules.Login">
    <skipped/>
  </testcase> <!-- Executeloginwithinvalid -->
  <testcase name="Executeloginwithinvalid" classname="ej.finsys.modules.Login">
    <skipped/>
  </testcase> <!-- Executeloginwithinvalid -->
  <testcase name="Executeloginwithinvalid" classname="ej.finsys.modules.Login">
    <skipped/>
  </testcase> <!-- Executeloginwithinvalid -->
  <testcase name="Executeloginwithinvalid" classname="ej.finsys.modules.Login">
    <skipped/>
  </testcase> <!-- Executeloginwithinvalid -->
  <testcase name="Executeloginwithinvalid" classname="ej.finsys.modules.Login">
    <skipped/>
  </testcase> <!-- Executeloginwithinvalid -->
  <testcase name="Executeloginwithinvalid" classname="ej.finsys.modules.Login">
    <skipped/>
  </testcase> <!-- Executeloginwithinvalid -->
  <testcase name="Executeloginwithinvalid" classname="ej.finsys.modules.Login">
    <skipped/>
  </testcase> <!-- Executeloginwithinvalid -->
  <testcase name="Executeloginwithinvalid" classname="ej.finsys.modules.Login">
    <skipped/>
  </testcase> <!-- Executeloginwithinvalid -->
  <testcase name="ExecuteLogin2" classname="ej.finsys.modules.Login">
    <skipped/>
  </testcase> <!-- ExecuteLogin2 -->
  <testcase name="ExecuteLogin2" classname="ej.finsys.modules.Login">
    <skipped/>
  </testcase> <!-- ExecuteLogin2 -->
  <testcase name="ExecuteLogin2" classname="ej.finsys.modules.Login">
    <skipped/>
  </testcase> <!-- ExecuteLogin2 -->
  <testcase name="ExecuteLogin2" classname="ej.finsys.modules.Login">
    <skipped/>
  </testcase> <!-- ExecuteLogin2 -->
</testsuite> <!-- ej.finsys.modules.CreateLeaseHoldImprovement -->
